d:\localhome\p18-ubis-us\mainproject\debug\vc141.pdb
d:\localhome\p18-ubis-us\mainproject\debug\menuwindow.obj
d:\localhome\p18-ubis-us\mainproject\debug\mainproject.obj
d:\localhome\p18-ubis-us\mainproject\debug\moc_menuwindow.obj
d:\localhome\p18-ubis-us\mainproject\debug\moc_predefs.h
d:\localhome\p18-ubis-us\mainproject\debug\moc_menuwindow.cpp
d:\localhome\p18-ubis-us\mainproject\debug\mainproject.pdb
d:\localhome\p18-ubis-us\mainproject\debug\mainproject.tlog\cl.command.1.tlog
d:\localhome\p18-ubis-us\mainproject\debug\mainproject.tlog\cl.read.1.tlog
d:\localhome\p18-ubis-us\mainproject\debug\mainproject.tlog\cl.write.1.tlog
d:\localhome\p18-ubis-us\mainproject\debug\mainproject.tlog\custombuild.command.1.tlog
d:\localhome\p18-ubis-us\mainproject\debug\mainproject.tlog\custombuild.read.1.tlog
d:\localhome\p18-ubis-us\mainproject\debug\mainproject.tlog\custombuild.write.1.tlog
d:\localhome\p18-ubis-us\mainproject\debug\mainproject.tlog\link.14804-cvtres.read.1.tlog
d:\localhome\p18-ubis-us\mainproject\debug\mainproject.tlog\link.14804-cvtres.write.1.tlog
d:\localhome\p18-ubis-us\mainproject\debug\mainproject.tlog\link.14804-rc.read.1.tlog
d:\localhome\p18-ubis-us\mainproject\debug\mainproject.tlog\link.14804-rc.write.1.tlog
d:\localhome\p18-ubis-us\mainproject\debug\mainproject.tlog\link.14804.read.1.tlog
d:\localhome\p18-ubis-us\mainproject\debug\mainproject.tlog\link.14804.write.1.tlog
d:\localhome\p18-ubis-us\mainproject\debug\mainproject.tlog\link.command.1.tlog
d:\localhome\p18-ubis-us\mainproject\debug\mainproject.tlog\link.read.1.tlog
d:\localhome\p18-ubis-us\mainproject\debug\mainproject.tlog\link.write.1.tlog
