d:\localhome\p18-ubis-us\spaceinvaders\debug\vc141.pdb
d:\localhome\p18-ubis-us\spaceinvaders\debug\moc_sprites.obj
d:\localhome\p18-ubis-us\spaceinvaders\debug\moc_ship.obj
d:\localhome\p18-ubis-us\spaceinvaders\debug\moc_projectile.obj
d:\localhome\p18-ubis-us\spaceinvaders\debug\moc_game.obj
d:\localhome\p18-ubis-us\spaceinvaders\debug\moc_display.obj
d:\localhome\p18-ubis-us\spaceinvaders\debug\weapon.obj
d:\localhome\p18-ubis-us\spaceinvaders\debug\sprites.obj
d:\localhome\p18-ubis-us\spaceinvaders\debug\spaceinvaders.obj
d:\localhome\p18-ubis-us\spaceinvaders\debug\ship.obj
d:\localhome\p18-ubis-us\spaceinvaders\debug\projectile.obj
d:\localhome\p18-ubis-us\spaceinvaders\debug\game.obj
d:\localhome\p18-ubis-us\spaceinvaders\debug\display.obj
d:\localhome\p18-ubis-us\spaceinvaders\debug\moc_projectile.cpp
d:\localhome\p18-ubis-us\spaceinvaders\debug\moc_ship.cpp
d:\localhome\p18-ubis-us\spaceinvaders\debug\moc_predefs.h
d:\localhome\p18-ubis-us\spaceinvaders\debug\moc_sprites.cpp
d:\localhome\p18-ubis-us\spaceinvaders\debug\moc_game.cpp
d:\localhome\p18-ubis-us\spaceinvaders\debug\moc_display.cpp
d:\localhome\p18-ubis-us\spaceinvaders\debug\spaceinvaders.exe
d:\localhome\p18-ubis-us\spaceinvaders\debug\spaceinvaders.ilk
d:\localhome\p18-ubis-us\spaceinvaders\debug\spaceinvaders.pdb
d:\localhome\p18-ubis-us\spaceinvaders\debug\spaceinvaders.tlog\cl.command.1.tlog
d:\localhome\p18-ubis-us\spaceinvaders\debug\spaceinvaders.tlog\cl.read.1.tlog
d:\localhome\p18-ubis-us\spaceinvaders\debug\spaceinvaders.tlog\cl.write.1.tlog
d:\localhome\p18-ubis-us\spaceinvaders\debug\spaceinvaders.tlog\custombuild.command.1.tlog
d:\localhome\p18-ubis-us\spaceinvaders\debug\spaceinvaders.tlog\custombuild.read.1.tlog
d:\localhome\p18-ubis-us\spaceinvaders\debug\spaceinvaders.tlog\custombuild.write.1.tlog
d:\localhome\p18-ubis-us\spaceinvaders\debug\spaceinvaders.tlog\link.command.1.tlog
d:\localhome\p18-ubis-us\spaceinvaders\debug\spaceinvaders.tlog\link.read.1.tlog
d:\localhome\p18-ubis-us\spaceinvaders\debug\spaceinvaders.tlog\link.write.1.tlog
